<?xml version="1.0" encoding="UTF-8"?>
<!-- Generated by org.testng.reporters.JUnitReportReporter -->
<testsuite hostname="DESKTOP-TH0V11K" failures="0" tests="1" name="com.assesment.BaseTest" time="0.189" errors="1" timestamp="2024-10-25T12:54:54 IST" skipped="0">
  <testcase classname="com.assesment.BaseTest" name="beforeone" time="0.189">
    <error message="ch/qos/logback/core/joran/spi/JoranException" type="java.lang.NoClassDefFoundError">
      <![CDATA[java.lang.NoClassDefFoundError: ch/qos/logback/core/joran/spi/JoranException
at org.slf4j.LoggerFactory.getSingleton(LoggerFactory.java:189)
at org.slf4j.LoggerFactory.bind(LoggerFactory.java:112)
at org.slf4j.LoggerFactory.performInitialization(LoggerFactory.java:105)
at org.slf4j.LoggerFactory.getILoggerFactory(LoggerFactory.java:235)
at org.slf4j.LoggerFactory.getLogger(LoggerFactory.java:208)
at org.slf4j.LoggerFactory.getLogger(LoggerFactory.java:221)
at io.appium.java_client.service.local.AppiumDriverLocalService.<clinit>(AppiumDriverLocalService.java:58)
at io.appium.java_client.service.local.AppiumServiceBuilder.createDriverService(AppiumServiceBuilder.java:473)
at io.appium.java_client.service.local.AppiumServiceBuilder.createDriverService(AppiumServiceBuilder.java:57)
at org.openqa.selenium.remote.service.DriverService$Builder.build(DriverService.java:498)
at com.assesment.BaseTest.beforeone(BaseTest.java:32)
at java.base/jdk.internal.reflect.DirectMethodHandleAccessor.invoke(DirectMethodHandleAccessor.java:103)
at java.base/java.lang.reflect.Method.invoke(Method.java:580)
at org.testng.internal.MethodInvocationHelper.invokeMethod(MethodInvocationHelper.java:133)
at org.testng.internal.MethodInvocationHelper.invokeMethodConsideringTimeout(MethodInvocationHelper.java:62)
at org.testng.internal.ConfigInvoker.invokeConfigurationMethod(ConfigInvoker.java:385)
at org.testng.internal.ConfigInvoker.invokeConfigurations(ConfigInvoker.java:321)
at org.testng.TestRunner.invokeTestConfigurations(TestRunner.java:637)
at org.testng.TestRunner.beforeRun(TestRunner.java:627)
at org.testng.TestRunner.run(TestRunner.java:589)
at org.testng.SuiteRunner.runTest(SuiteRunner.java:377)
at org.testng.SuiteRunner.runSequentially(SuiteRunner.java:371)
at org.testng.SuiteRunner.privateRun(SuiteRunner.java:332)
at org.testng.SuiteRunner.run(SuiteRunner.java:276)
at org.testng.SuiteRunnerWorker.runSuite(SuiteRunnerWorker.java:53)
at org.testng.SuiteRunnerWorker.run(SuiteRunnerWorker.java:96)
at org.testng.TestNG.runSuitesSequentially(TestNG.java:1212)
at org.testng.TestNG.runSuitesLocally(TestNG.java:1134)
at org.testng.TestNG.runSuites(TestNG.java:1063)
at org.testng.TestNG.run(TestNG.java:1031)
at org.testng.remote.AbstractRemoteTestNG.run(AbstractRemoteTestNG.java:115)
at org.testng.remote.RemoteTestNG.initAndRun(RemoteTestNG.java:293)
at org.testng.remote.RemoteTestNG.main(RemoteTestNG.java:91)
Caused by: java.lang.ClassNotFoundException: ch.qos.logback.core.joran.spi.JoranException
at java.base/jdk.internal.loader.BuiltinClassLoader.loadClass(BuiltinClassLoader.java:641)
at java.base/jdk.internal.loader.ClassLoaders$AppClassLoader.loadClass(ClassLoaders.java:188)
at java.base/java.lang.ClassLoader.loadClass(ClassLoader.java:528)
... 33 more
]]>
    </error>
  </testcase> <!-- beforeone -->
  <system-out/>
</testsuite> <!-- com.assesment.BaseTest -->
